{"C:\\projects\\rn-files-creator-remake\\src\\main.ts": {"path":"C:\\projects\\rn-files-creator-remake\\src\\main.ts","statementMap":{"0":{"start":{"line":6,"column":24},"end":{"line":6,"column":89}},"1":{"start":{"line":7,"column":27},"end":{"line":7,"column":91}},"2":{"start":{"line":9,"column":2},"end":{"line":9,"column":32}},"3":{"start":{"line":9,"column":25},"end":{"line":9,"column":32}},"4":{"start":{"line":11,"column":2},"end":{"line":14,"column":3}},"5":{"start":{"line":12,"column":4},"end":{"line":12,"column":94}},"6":{"start":{"line":18,"column":2},"end":{"line":18,"column":13}}},"fnMap":{"0":{"name":"cli","decl":{"start":{"line":3,"column":22},"end":{"line":3,"column":25}},"loc":{"start":{"line":3,"column":41},"end":{"line":19,"column":1}},"line":3}},"branchMap":{"0":{"loc":{"start":{"line":9,"column":2},"end":{"line":9,"column":32}},"type":"if","locations":[{"start":{"line":9,"column":2},"end":{"line":9,"column":32}},{"start":{},"end":{}}],"line":9},"1":{"loc":{"start":{"line":11,"column":2},"end":{"line":14,"column":3}},"type":"if","locations":[{"start":{"line":11,"column":2},"end":{"line":14,"column":3}},{"start":{},"end":{}}],"line":11}},"s":{"0":5,"1":5,"2":5,"3":0,"4":5,"5":5,"6":5},"f":{"0":5},"b":{"0":[0,5],"1":[5,0]},"_coverageSchema":"1a1c01bbd47fc00a2c39e90264f33305004495a9","hash":"0135d9dc387b9030fb0f5e6c2329d9d65592a3f1"}
,"C:\\projects\\rn-files-creator-remake\\src\\builder\\builder.module.ts": {"path":"C:\\projects\\rn-files-creator-remake\\src\\builder\\builder.module.ts","statementMap":{"0":{"start":{"line":4,"column":39},"end":{"line":4,"column":87}}},"fnMap":{},"branchMap":{},"s":{"0":1},"f":{},"b":{},"_coverageSchema":"1a1c01bbd47fc00a2c39e90264f33305004495a9","hash":"5eaff8b546da5a8f812f4f19784c2755ce7005f6"}
,"C:\\projects\\rn-files-creator-remake\\src\\builder\\logger\\component-already-exists.logger.ts": {"path":"C:\\projects\\rn-files-creator-remake\\src\\builder\\logger\\component-already-exists.logger.ts","statementMap":{"0":{"start":{"line":6,"column":49},"end":{"line":10,"column":5}},"1":{"start":{"line":12,"column":4},"end":{"line":12,"column":40}}},"fnMap":{"0":{"name":"(anonymous_0)","decl":{"start":{"line":5,"column":2},"end":{"line":5,"column":3}},"loc":{"start":{"line":5,"column":35},"end":{"line":13,"column":3}},"line":5}},"branchMap":{},"s":{"0":1,"1":1},"f":{"0":1},"b":{},"_coverageSchema":"1a1c01bbd47fc00a2c39e90264f33305004495a9","hash":"0c3a4ddc8bd6a056acc97474bdd6449871ac206f"}
,"C:\\projects\\rn-files-creator-remake\\src\\builder\\service\\component-builder.service.ts": {"path":"C:\\projects\\rn-files-creator-remake\\src\\builder\\service\\component-builder.service.ts","statementMap":{"0":{"start":{"line":7,"column":52},"end":{"line":7,"column":54}},"1":{"start":{"line":12,"column":4},"end":{"line":12,"column":39}},"2":{"start":{"line":14,"column":4},"end":{"line":16,"column":5}},"3":{"start":{"line":15,"column":6},"end":{"line":15,"column":43}},"4":{"start":{"line":20,"column":4},"end":{"line":20,"column":71}},"5":{"start":{"line":20,"column":58},"end":{"line":20,"column":71}},"6":{"start":{"line":21,"column":4},"end":{"line":21,"column":53}},"7":{"start":{"line":22,"column":4},"end":{"line":22,"column":15}},"8":{"start":{"line":26,"column":22},"end":{"line":26,"column":118}},"9":{"start":{"line":27,"column":4},"end":{"line":28,"column":103}},"10":{"start":{"line":27,"column":19},"end":{"line":27,"column":67}},"11":{"start":{"line":28,"column":9},"end":{"line":28,"column":103}},"12":{"start":{"line":29,"column":4},"end":{"line":29,"column":21}},"13":{"start":{"line":33,"column":27},"end":{"line":33,"column":81}},"14":{"start":{"line":34,"column":28},"end":{"line":34,"column":83}},"15":{"start":{"line":35,"column":4},"end":{"line":35,"column":44}},"16":{"start":{"line":39,"column":4},"end":{"line":39,"column":163}}},"fnMap":{"0":{"name":"(anonymous_0)","decl":{"start":{"line":9,"column":2},"end":{"line":9,"column":3}},"loc":{"start":{"line":9,"column":64},"end":{"line":9,"column":66}},"line":9},"1":{"name":"(anonymous_1)","decl":{"start":{"line":11,"column":2},"end":{"line":11,"column":3}},"loc":{"start":{"line":11,"column":78},"end":{"line":17,"column":3}},"line":11},"2":{"name":"(anonymous_2)","decl":{"start":{"line":19,"column":2},"end":{"line":19,"column":3}},"loc":{"start":{"line":19,"column":65},"end":{"line":23,"column":3}},"line":19},"3":{"name":"(anonymous_3)","decl":{"start":{"line":25,"column":2},"end":{"line":25,"column":3}},"loc":{"start":{"line":25,"column":72},"end":{"line":30,"column":3}},"line":25},"4":{"name":"(anonymous_4)","decl":{"start":{"line":32,"column":2},"end":{"line":32,"column":3}},"loc":{"start":{"line":32,"column":73},"end":{"line":36,"column":3}},"line":32},"5":{"name":"(anonymous_5)","decl":{"start":{"line":38,"column":2},"end":{"line":38,"column":3}},"loc":{"start":{"line":38,"column":84},"end":{"line":40,"column":3}},"line":38}},"branchMap":{"0":{"loc":{"start":{"line":20,"column":4},"end":{"line":20,"column":71}},"type":"if","locations":[{"start":{"line":20,"column":4},"end":{"line":20,"column":71}},{"start":{},"end":{}}],"line":20},"1":{"loc":{"start":{"line":27,"column":4},"end":{"line":28,"column":103}},"type":"if","locations":[{"start":{"line":27,"column":4},"end":{"line":28,"column":103}},{"start":{"line":28,"column":9},"end":{"line":28,"column":103}}],"line":27},"2":{"loc":{"start":{"line":35,"column":11},"end":{"line":35,"column":44}},"type":"binary-expr","locations":[{"start":{"line":35,"column":11},"end":{"line":35,"column":25}},{"start":{"line":35,"column":29},"end":{"line":35,"column":44}}],"line":35}},"s":{"0":1,"1":5,"2":5,"3":6,"4":6,"5":1,"6":5,"7":5,"8":6,"9":6,"10":1,"11":5,"12":6,"13":5,"14":5,"15":5,"16":10},"f":{"0":1,"1":5,"2":6,"3":6,"4":5,"5":10},"b":{"0":[1,5],"1":[1,5],"2":[5,5]},"_coverageSchema":"1a1c01bbd47fc00a2c39e90264f33305004495a9","hash":"b2c3ed3e17a53da54e0815f7708b80d65fe95a6b"}
,"C:\\projects\\rn-files-creator-remake\\src\\cli\\cli.module.ts": {"path":"C:\\projects\\rn-files-creator-remake\\src\\cli\\cli.module.ts","statementMap":{"0":{"start":{"line":9,"column":44},"end":{"line":9,"column":78}},"1":{"start":{"line":10,"column":47},"end":{"line":10,"column":133}},"2":{"start":{"line":11,"column":32},"end":{"line":11,"column":54}},"3":{"start":{"line":12,"column":35},"end":{"line":12,"column":101}},"4":{"start":{"line":13,"column":42},"end":{"line":13,"column":74}}},"fnMap":{},"branchMap":{},"s":{"0":1,"1":1,"2":1,"3":1,"4":1},"f":{},"b":{},"_coverageSchema":"1a1c01bbd47fc00a2c39e90264f33305004495a9","hash":"2dd6cec3b9cc77b213e8852fa361c5da787e0baf"}
,"C:\\projects\\rn-files-creator-remake\\src\\cli\\data\\creator-list.ts": {"path":"C:\\projects\\rn-files-creator-remake\\src\\cli\\data\\creator-list.ts","statementMap":{"0":{"start":{"line":1,"column":27},"end":{"line":1,"column":72}}},"fnMap":{},"branchMap":{},"s":{"0":1},"f":{},"b":{},"_coverageSchema":"1a1c01bbd47fc00a2c39e90264f33305004495a9","hash":"d278ff08b2da21c9566809a6f6cc44ebdba64374"}
,"C:\\projects\\rn-files-creator-remake\\src\\cli\\logger\\invalid-argument.logger.ts": {"path":"C:\\projects\\rn-files-creator-remake\\src\\cli\\logger\\invalid-argument.logger.ts","statementMap":{"0":{"start":{"line":6,"column":49},"end":{"line":10,"column":5}},"1":{"start":{"line":12,"column":4},"end":{"line":12,"column":40}}},"fnMap":{"0":{"name":"(anonymous_0)","decl":{"start":{"line":5,"column":2},"end":{"line":5,"column":3}},"loc":{"start":{"line":5,"column":15},"end":{"line":13,"column":3}},"line":5}},"branchMap":{},"s":{"0":0,"1":0},"f":{"0":0},"b":{},"_coverageSchema":"1a1c01bbd47fc00a2c39e90264f33305004495a9","hash":"e87147c48853e9fe7ff9d34812021809a3e30ea0"}
,"C:\\projects\\rn-files-creator-remake\\src\\cli\\logger\\invalid-component-name.logger.ts": {"path":"C:\\projects\\rn-files-creator-remake\\src\\cli\\logger\\invalid-component-name.logger.ts","statementMap":{"0":{"start":{"line":6,"column":49},"end":{"line":10,"column":5}},"1":{"start":{"line":12,"column":4},"end":{"line":12,"column":40}}},"fnMap":{"0":{"name":"(anonymous_0)","decl":{"start":{"line":5,"column":2},"end":{"line":5,"column":3}},"loc":{"start":{"line":5,"column":39},"end":{"line":13,"column":3}},"line":5}},"branchMap":{},"s":{"0":2,"1":2},"f":{"0":2},"b":{},"_coverageSchema":"1a1c01bbd47fc00a2c39e90264f33305004495a9","hash":"aab1ee9912a53fc6bb00e8365f77eac62d21e801"}
,"C:\\projects\\rn-files-creator-remake\\src\\cli\\service\\component-cli.service.ts": {"path":"C:\\projects\\rn-files-creator-remake\\src\\cli\\service\\component-cli.service.ts","statementMap":{"0":{"start":{"line":15,"column":27},"end":{"line":15,"column":94}},"1":{"start":{"line":16,"column":4},"end":{"line":16,"column":40}},"2":{"start":{"line":17,"column":36},"end":{"line":17,"column":78}},"3":{"start":{"line":18,"column":4},"end":{"line":18,"column":96}},"4":{"start":{"line":19,"column":4},"end":{"line":19,"column":16}},"5":{"start":{"line":23,"column":34},"end":{"line":23,"column":110}},"6":{"start":{"line":23,"column":80},"end":{"line":23,"column":109}},"7":{"start":{"line":24,"column":4},"end":{"line":24,"column":94}},"8":{"start":{"line":24,"column":40},"end":{"line":24,"column":94}},"9":{"start":{"line":28,"column":4},"end":{"line":33,"column":8}},"10":{"start":{"line":30,"column":26},"end":{"line":30,"column":50}},"11":{"start":{"line":31,"column":28},"end":{"line":31,"column":137}},"12":{"start":{"line":31,"column":68},"end":{"line":31,"column":132}},"13":{"start":{"line":32,"column":6},"end":{"line":32,"column":26}}},"fnMap":{"0":{"name":"(anonymous_0)","decl":{"start":{"line":9,"column":2},"end":{"line":9,"column":3}},"loc":{"start":{"line":12,"column":4},"end":{"line":12,"column":6}},"line":12},"1":{"name":"(anonymous_1)","decl":{"start":{"line":14,"column":2},"end":{"line":14,"column":3}},"loc":{"start":{"line":14,"column":115},"end":{"line":20,"column":3}},"line":14},"2":{"name":"(anonymous_2)","decl":{"start":{"line":22,"column":2},"end":{"line":22,"column":3}},"loc":{"start":{"line":22,"column":65},"end":{"line":25,"column":3}},"line":22},"3":{"name":"(anonymous_3)","decl":{"start":{"line":23,"column":71},"end":{"line":23,"column":72}},"loc":{"start":{"line":23,"column":80},"end":{"line":23,"column":109}},"line":23},"4":{"name":"(anonymous_4)","decl":{"start":{"line":27,"column":2},"end":{"line":27,"column":3}},"loc":{"start":{"line":27,"column":92},"end":{"line":34,"column":3}},"line":27},"5":{"name":"(anonymous_5)","decl":{"start":{"line":29,"column":53},"end":{"line":29,"column":54}},"loc":{"start":{"line":29,"column":70},"end":{"line":33,"column":5}},"line":29},"6":{"name":"(anonymous_6)","decl":{"start":{"line":31,"column":48},"end":{"line":31,"column":49}},"loc":{"start":{"line":31,"column":68},"end":{"line":31,"column":132}},"line":31}},"branchMap":{"0":{"loc":{"start":{"line":24,"column":4},"end":{"line":24,"column":94}},"type":"if","locations":[{"start":{"line":24,"column":4},"end":{"line":24,"column":94}},{"start":{},"end":{}}],"line":24}},"s":{"0":5,"1":5,"2":5,"3":5,"4":5,"5":5,"6":6,"7":5,"8":2,"9":5,"10":6,"11":6,"12":6,"13":6},"f":{"0":1,"1":5,"2":5,"3":6,"4":5,"5":6,"6":6},"b":{"0":[2,3]},"_coverageSchema":"1a1c01bbd47fc00a2c39e90264f33305004495a9","hash":"729ebb8a9f9c938f88cd979c6940589193e0a490"}
,"C:\\projects\\rn-files-creator-remake\\src\\cli\\service\\rn-files-creator-config-file-cli.service.ts": {"path":"C:\\projects\\rn-files-creator-remake\\src\\cli\\service\\rn-files-creator-config-file-cli.service.ts","statementMap":{"0":{"start":{"line":13,"column":30},"end":{"line":13,"column":62}},"1":{"start":{"line":14,"column":34},"end":{"line":14,"column":140}},"2":{"start":{"line":15,"column":29},"end":{"line":15,"column":104}},"3":{"start":{"line":16,"column":4},"end":{"line":16,"column":82}},"4":{"start":{"line":16,"column":26},"end":{"line":16,"column":82}},"5":{"start":{"line":17,"column":4},"end":{"line":17,"column":32}},"6":{"start":{"line":21,"column":32},"end":{"line":21,"column":123}},"7":{"start":{"line":22,"column":25},"end":{"line":22,"column":83}},"8":{"start":{"line":23,"column":4},"end":{"line":23,"column":24}},"9":{"start":{"line":27,"column":4},"end":{"line":27,"column":126}}},"fnMap":{"0":{"name":"(anonymous_0)","decl":{"start":{"line":7,"column":2},"end":{"line":7,"column":3}},"loc":{"start":{"line":10,"column":4},"end":{"line":10,"column":6}},"line":10},"1":{"name":"(anonymous_1)","decl":{"start":{"line":12,"column":2},"end":{"line":12,"column":3}},"loc":{"start":{"line":12,"column":36},"end":{"line":18,"column":3}},"line":12},"2":{"name":"(anonymous_2)","decl":{"start":{"line":20,"column":2},"end":{"line":20,"column":3}},"loc":{"start":{"line":20,"column":73},"end":{"line":24,"column":3}},"line":20},"3":{"name":"(anonymous_3)","decl":{"start":{"line":26,"column":2},"end":{"line":26,"column":3}},"loc":{"start":{"line":26,"column":78},"end":{"line":28,"column":3}},"line":26}},"branchMap":{"0":{"loc":{"start":{"line":16,"column":4},"end":{"line":16,"column":82}},"type":"if","locations":[{"start":{"line":16,"column":4},"end":{"line":16,"column":82}},{"start":{},"end":{}}],"line":16},"1":{"loc":{"start":{"line":22,"column":25},"end":{"line":22,"column":83}},"type":"cond-expr","locations":[{"start":{"line":22,"column":47},"end":{"line":22,"column":78}},{"start":{"line":22,"column":81},"end":{"line":22,"column":83}}],"line":22}},"s":{"0":0,"1":0,"2":0,"3":0,"4":0,"5":0,"6":0,"7":0,"8":0,"9":0},"f":{"0":1,"1":0,"2":0,"3":0},"b":{"0":[0,0],"1":[0,0]},"_coverageSchema":"1a1c01bbd47fc00a2c39e90264f33305004495a9","hash":"b1f03c78d323ae55010f901673922357f86cd2b4"}
,"C:\\projects\\rn-files-creator-remake\\src\\cli\\service\\user-prompted-args-cli.service.ts": {"path":"C:\\projects\\rn-files-creator-remake\\src\\cli\\service\\user-prompted-args-cli.service.ts","statementMap":{"0":{"start":{"line":15,"column":4},"end":{"line":21,"column":5}},"1":{"start":{"line":16,"column":30},"end":{"line":16,"column":63}},"2":{"start":{"line":17,"column":24},"end":{"line":17,"column":74}},"3":{"start":{"line":18,"column":6},"end":{"line":18,"column":51}},"4":{"start":{"line":20,"column":6},"end":{"line":20,"column":30}},"5":{"start":{"line":30,"column":4},"end":{"line":30,"column":55}},"6":{"start":{"line":39,"column":4},"end":{"line":46,"column":5}},"7":{"start":{"line":54,"column":51},"end":{"line":54,"column":60}},"8":{"start":{"line":55,"column":25},"end":{"line":55,"column":72}},"9":{"start":{"line":55,"column":67},"end":{"line":55,"column":71}},"10":{"start":{"line":56,"column":4},"end":{"line":56,"column":39}},"11":{"start":{"line":56,"column":22},"end":{"line":56,"column":39}},"12":{"start":{"line":57,"column":4},"end":{"line":57,"column":33}},"13":{"start":{"line":57,"column":16},"end":{"line":57,"column":33}},"14":{"start":{"line":58,"column":36},"end":{"line":58,"column":65}},"15":{"start":{"line":59,"column":20},"end":{"line":59,"column":86}},"16":{"start":{"line":60,"column":4},"end":{"line":60,"column":28}},"17":{"start":{"line":61,"column":4},"end":{"line":61,"column":20}},"18":{"start":{"line":69,"column":4},"end":{"line":69,"column":22}},"19":{"start":{"line":70,"column":4},"end":{"line":70,"column":35}}},"fnMap":{"0":{"name":"(anonymous_0)","decl":{"start":{"line":14,"column":2},"end":{"line":14,"column":3}},"loc":{"start":{"line":14,"column":90},"end":{"line":22,"column":3}},"line":14},"1":{"name":"(anonymous_1)","decl":{"start":{"line":29,"column":2},"end":{"line":29,"column":3}},"loc":{"start":{"line":29,"column":63},"end":{"line":31,"column":3}},"line":29},"2":{"name":"(anonymous_2)","decl":{"start":{"line":38,"column":2},"end":{"line":38,"column":3}},"loc":{"start":{"line":38,"column":75},"end":{"line":47,"column":3}},"line":38},"3":{"name":"(anonymous_3)","decl":{"start":{"line":53,"column":2},"end":{"line":53,"column":3}},"loc":{"start":{"line":53,"column":79},"end":{"line":62,"column":3}},"line":53},"4":{"name":"(anonymous_4)","decl":{"start":{"line":55,"column":61},"end":{"line":55,"column":62}},"loc":{"start":{"line":55,"column":67},"end":{"line":55,"column":71}},"line":55},"5":{"name":"(anonymous_5)","decl":{"start":{"line":68,"column":2},"end":{"line":68,"column":3}},"loc":{"start":{"line":68,"column":32},"end":{"line":84,"column":3}},"line":68}},"branchMap":{"0":{"loc":{"start":{"line":40,"column":14},"end":{"line":40,"column":33}},"type":"binary-expr","locations":[{"start":{"line":40,"column":14},"end":{"line":40,"column":24}},{"start":{"line":40,"column":28},"end":{"line":40,"column":33}}],"line":40},"1":{"loc":{"start":{"line":41,"column":17},"end":{"line":41,"column":40}},"type":"binary-expr","locations":[{"start":{"line":41,"column":17},"end":{"line":41,"column":27}},{"start":{"line":41,"column":31},"end":{"line":41,"column":40}}],"line":41},"2":{"loc":{"start":{"line":42,"column":14},"end":{"line":42,"column":37}},"type":"binary-expr","locations":[{"start":{"line":42,"column":14},"end":{"line":42,"column":24}},{"start":{"line":42,"column":28},"end":{"line":42,"column":37}}],"line":42},"3":{"loc":{"start":{"line":43,"column":17},"end":{"line":43,"column":40}},"type":"binary-expr","locations":[{"start":{"line":43,"column":17},"end":{"line":43,"column":27}},{"start":{"line":43,"column":31},"end":{"line":43,"column":40}}],"line":43},"4":{"loc":{"start":{"line":44,"column":22},"end":{"line":44,"column":45}},"type":"binary-expr","locations":[{"start":{"line":44,"column":22},"end":{"line":44,"column":32}},{"start":{"line":44,"column":36},"end":{"line":44,"column":45}}],"line":44},"5":{"loc":{"start":{"line":45,"column":17},"end":{"line":45,"column":40}},"type":"binary-expr","locations":[{"start":{"line":45,"column":17},"end":{"line":45,"column":27}},{"start":{"line":45,"column":31},"end":{"line":45,"column":40}}],"line":45},"6":{"loc":{"start":{"line":56,"column":4},"end":{"line":56,"column":39}},"type":"if","locations":[{"start":{"line":56,"column":4},"end":{"line":56,"column":39}},{"start":{},"end":{}}],"line":56},"7":{"loc":{"start":{"line":57,"column":4},"end":{"line":57,"column":33}},"type":"if","locations":[{"start":{"line":57,"column":4},"end":{"line":57,"column":33}},{"start":{},"end":{}}],"line":57}},"s":{"0":5,"1":5,"2":5,"3":5,"4":0,"5":5,"6":5,"7":5,"8":5,"9":5,"10":5,"11":5,"12":0,"13":0,"14":0,"15":0,"16":0,"17":0,"18":0,"19":0},"f":{"0":5,"1":5,"2":5,"3":5,"4":5,"5":0},"b":{"0":[5,5],"1":[5,0],"2":[5,5],"3":[5,5],"4":[5,5],"5":[5,5],"6":[5,0],"7":[0,0]},"_coverageSchema":"1a1c01bbd47fc00a2c39e90264f33305004495a9","hash":"0fe8e61391630e00fb87d38f093dbc7f27dccd82"}
,"C:\\projects\\rn-files-creator-remake\\src\\cli\\view\\component-cli.view.ts": {"path":"C:\\projects\\rn-files-creator-remake\\src\\cli\\view\\component-cli.view.ts","statementMap":{"0":{"start":{"line":7,"column":22},"end":{"line":7,"column":24}},"1":{"start":{"line":8,"column":4},"end":{"line":8,"column":94}},"2":{"start":{"line":9,"column":4},"end":{"line":9,"column":57}},"3":{"start":{"line":9,"column":31},"end":{"line":9,"column":57}},"4":{"start":{"line":10,"column":25},"end":{"line":10,"column":57}},"5":{"start":{"line":11,"column":4},"end":{"line":13,"column":5}},"6":{"start":{"line":17,"column":4},"end":{"line":22,"column":5}}},"fnMap":{"0":{"name":"(anonymous_0)","decl":{"start":{"line":6,"column":2},"end":{"line":6,"column":3}},"loc":{"start":{"line":6,"column":97},"end":{"line":14,"column":3}},"line":6},"1":{"name":"(anonymous_1)","decl":{"start":{"line":16,"column":2},"end":{"line":16,"column":3}},"loc":{"start":{"line":16,"column":42},"end":{"line":23,"column":3}},"line":16}},"branchMap":{"0":{"loc":{"start":{"line":8,"column":4},"end":{"line":8,"column":94}},"type":"binary-expr","locations":[{"start":{"line":8,"column":5},"end":{"line":8,"column":45}},{"start":{"line":8,"column":50},"end":{"line":8,"column":94}}],"line":8},"1":{"loc":{"start":{"line":9,"column":4},"end":{"line":9,"column":57}},"type":"if","locations":[{"start":{"line":9,"column":4},"end":{"line":9,"column":57}},{"start":{},"end":{}}],"line":9}},"s":{"0":5,"1":5,"2":5,"3":5,"4":0,"5":0,"6":0},"f":{"0":5,"1":0},"b":{"0":[5,0],"1":[5,0]},"_coverageSchema":"1a1c01bbd47fc00a2c39e90264f33305004495a9","hash":"06fdba2602c4aa4ca322bfbcb44843569403c7d8"}
,"C:\\projects\\rn-files-creator-remake\\src\\cli\\view\\rn-files-creator-config-file-cli.view.ts": {"path":"C:\\projects\\rn-files-creator-remake\\src\\cli\\view\\rn-files-creator-config-file-cli.view.ts","statementMap":{"0":{"start":{"line":6,"column":22},"end":{"line":6,"column":24}},"1":{"start":{"line":7,"column":4},"end":{"line":7,"column":69}},"2":{"start":{"line":8,"column":4},"end":{"line":8,"column":66}},"3":{"start":{"line":9,"column":4},"end":{"line":9,"column":49}},"4":{"start":{"line":9,"column":31},"end":{"line":9,"column":49}},"5":{"start":{"line":10,"column":4},"end":{"line":10,"column":43}},"6":{"start":{"line":14,"column":4},"end":{"line":20,"column":5}},"7":{"start":{"line":24,"column":4},"end":{"line":30,"column":5}}},"fnMap":{"0":{"name":"(anonymous_0)","decl":{"start":{"line":5,"column":2},"end":{"line":5,"column":3}},"loc":{"start":{"line":5,"column":66},"end":{"line":11,"column":3}},"line":5},"1":{"name":"(anonymous_1)","decl":{"start":{"line":13,"column":2},"end":{"line":13,"column":3}},"loc":{"start":{"line":13,"column":37},"end":{"line":21,"column":3}},"line":13},"2":{"name":"(anonymous_2)","decl":{"start":{"line":23,"column":2},"end":{"line":23,"column":3}},"loc":{"start":{"line":23,"column":35},"end":{"line":31,"column":3}},"line":23}},"branchMap":{"0":{"loc":{"start":{"line":7,"column":4},"end":{"line":7,"column":69}},"type":"binary-expr","locations":[{"start":{"line":7,"column":4},"end":{"line":7,"column":26}},{"start":{"line":7,"column":30},"end":{"line":7,"column":69}}],"line":7},"1":{"loc":{"start":{"line":8,"column":4},"end":{"line":8,"column":66}},"type":"binary-expr","locations":[{"start":{"line":8,"column":4},"end":{"line":8,"column":26}},{"start":{"line":8,"column":30},"end":{"line":8,"column":66}}],"line":8},"2":{"loc":{"start":{"line":9,"column":4},"end":{"line":9,"column":49}},"type":"if","locations":[{"start":{"line":9,"column":4},"end":{"line":9,"column":49}},{"start":{},"end":{}}],"line":9}},"s":{"0":0,"1":0,"2":0,"3":0,"4":0,"5":0,"6":0,"7":0},"f":{"0":0,"1":0,"2":0},"b":{"0":[0,0],"1":[0,0],"2":[0,0]},"_coverageSchema":"1a1c01bbd47fc00a2c39e90264f33305004495a9","hash":"847975699ea055347c84100e5652a326486f6e60"}
,"C:\\projects\\rn-files-creator-remake\\src\\cli\\view\\user-prompted-args-cli.view.ts": {"path":"C:\\projects\\rn-files-creator-remake\\src\\cli\\view\\user-prompted-args-cli.view.ts","statementMap":{"0":{"start":{"line":6,"column":25},"end":{"line":12,"column":7}},"1":{"start":{"line":13,"column":4},"end":{"line":13,"column":32}}},"fnMap":{"0":{"name":"(anonymous_0)","decl":{"start":{"line":5,"column":2},"end":{"line":5,"column":3}},"loc":{"start":{"line":5,"column":52},"end":{"line":14,"column":3}},"line":5}},"branchMap":{},"s":{"0":0,"1":0},"f":{"0":0},"b":{},"_coverageSchema":"1a1c01bbd47fc00a2c39e90264f33305004495a9","hash":"c6ee837f84826a1071e9de3dc47f905d9608a850"}
,"C:\\projects\\rn-files-creator-remake\\src\\common\\data\\prompt-logger-props.ts": {"path":"C:\\projects\\rn-files-creator-remake\\src\\common\\data\\prompt-logger-props.ts","statementMap":{"0":{"start":{"line":18,"column":16},"end":{"line":18,"column":41}},"1":{"start":{"line":19,"column":17},"end":{"line":19,"column":40}},"2":{"start":{"line":20,"column":19},"end":{"line":20,"column":46}},"3":{"start":{"line":21,"column":18},"end":{"line":21,"column":44}},"4":{"start":{"line":22,"column":18},"end":{"line":22,"column":43}}},"fnMap":{},"branchMap":{},"s":{"0":2,"1":2,"2":2,"3":2,"4":2},"f":{},"b":{},"_coverageSchema":"1a1c01bbd47fc00a2c39e90264f33305004495a9","hash":"1c0e5d587b6b5eca1ca223b195aabbb12c92f28e"}
,"C:\\projects\\rn-files-creator-remake\\src\\common\\functions\\validation.ts": {"path":"C:\\projects\\rn-files-creator-remake\\src\\common\\functions\\validation.ts","statementMap":{"0":{"start":{"line":1,"column":37},"end":{"line":9,"column":1}},"1":{"start":{"line":2,"column":2},"end":{"line":2,"column":42}},"2":{"start":{"line":2,"column":30},"end":{"line":2,"column":42}},"3":{"start":{"line":3,"column":2},"end":{"line":3,"column":49}},"4":{"start":{"line":3,"column":37},"end":{"line":3,"column":49}},"5":{"start":{"line":5,"column":32},"end":{"line":5,"column":40}},"6":{"start":{"line":6,"column":2},"end":{"line":6,"column":58}},"7":{"start":{"line":6,"column":46},"end":{"line":6,"column":58}},"8":{"start":{"line":8,"column":2},"end":{"line":8,"column":13}}},"fnMap":{"0":{"name":"(anonymous_0)","decl":{"start":{"line":1,"column":37},"end":{"line":1,"column":38}},"loc":{"start":{"line":1,"column":56},"end":{"line":9,"column":1}},"line":1}},"branchMap":{"0":{"loc":{"start":{"line":2,"column":2},"end":{"line":2,"column":42}},"type":"if","locations":[{"start":{"line":2,"column":2},"end":{"line":2,"column":42}},{"start":{},"end":{}}],"line":2},"1":{"loc":{"start":{"line":3,"column":2},"end":{"line":3,"column":49}},"type":"if","locations":[{"start":{"line":3,"column":2},"end":{"line":3,"column":49}},{"start":{},"end":{}}],"line":3},"2":{"loc":{"start":{"line":6,"column":2},"end":{"line":6,"column":58}},"type":"if","locations":[{"start":{"line":6,"column":2},"end":{"line":6,"column":58}},{"start":{},"end":{}}],"line":6}},"s":{"0":2,"1":9,"2":1,"3":8,"4":0,"5":8,"6":8,"7":4,"8":4},"f":{"0":9},"b":{"0":[1,8],"1":[0,8],"2":[4,4]},"_coverageSchema":"1a1c01bbd47fc00a2c39e90264f33305004495a9","hash":"9486daa6ceafd2b64a32c414368915d6959cd5d1"}
,"C:\\projects\\rn-files-creator-remake\\src\\common\\logger\\prompt-logger.ts": {"path":"C:\\projects\\rn-files-creator-remake\\src\\common\\logger\\prompt-logger.ts","statementMap":{"0":{"start":{"line":9,"column":4},"end":{"line":9,"column":27}},"1":{"start":{"line":10,"column":4},"end":{"line":10,"column":45}},"2":{"start":{"line":11,"column":4},"end":{"line":11,"column":32}},"3":{"start":{"line":12,"column":4},"end":{"line":12,"column":18}},"4":{"start":{"line":16,"column":4},"end":{"line":16,"column":60}},"5":{"start":{"line":17,"column":4},"end":{"line":17,"column":46}},"6":{"start":{"line":17,"column":31},"end":{"line":17,"column":46}}},"fnMap":{"0":{"name":"(anonymous_0)","decl":{"start":{"line":8,"column":2},"end":{"line":8,"column":3}},"loc":{"start":{"line":8,"column":73},"end":{"line":13,"column":3}},"line":8},"1":{"name":"(anonymous_1)","decl":{"start":{"line":15,"column":2},"end":{"line":15,"column":3}},"loc":{"start":{"line":15,"column":11},"end":{"line":18,"column":3}},"line":15}},"branchMap":{"0":{"loc":{"start":{"line":17,"column":4},"end":{"line":17,"column":46}},"type":"if","locations":[{"start":{"line":17,"column":4},"end":{"line":17,"column":46}},{"start":{},"end":{}}],"line":17}},"s":{"0":0,"1":0,"2":0,"3":0,"4":0,"5":0,"6":0},"f":{"0":0,"1":0},"b":{"0":[0,0]},"_coverageSchema":"1a1c01bbd47fc00a2c39e90264f33305004495a9","hash":"957a7f1abea7dda921f465de4183aba8a75bb03b"}
,"C:\\projects\\rn-files-creator-remake\\src\\config\\argOptions.ts": {"path":"C:\\projects\\rn-files-creator-remake\\src\\config\\argOptions.ts","statementMap":{"0":{"start":{"line":6,"column":36},"end":{"line":19,"column":1}}},"fnMap":{},"branchMap":{},"s":{"0":1},"f":{},"b":{},"_coverageSchema":"1a1c01bbd47fc00a2c39e90264f33305004495a9","hash":"a6dee9a578dad5ff92aa4c802d8846ea63c7bf98"}
,"C:\\projects\\rn-files-creator-remake\\src\\manager\\manager.module.ts": {"path":"C:\\projects\\rn-files-creator-remake\\src\\manager\\manager.module.ts","statementMap":{"0":{"start":{"line":3,"column":35},"end":{"line":3,"column":60}}},"fnMap":{},"branchMap":{},"s":{"0":1},"f":{},"b":{},"_coverageSchema":"1a1c01bbd47fc00a2c39e90264f33305004495a9","hash":"7da65809d07e25312a775c9ceb7d6dd351f549fb"}
,"C:\\projects\\rn-files-creator-remake\\src\\manager\\constants\\paths.ts": {"path":"C:\\projects\\rn-files-creator-remake\\src\\manager\\constants\\paths.ts","statementMap":{"0":{"start":{"line":3,"column":31},"end":{"line":3,"column":114}},"1":{"start":{"line":5,"column":23},"end":{"line":8,"column":1}},"2":{"start":{"line":10,"column":36},"end":{"line":12,"column":1}},"3":{"start":{"line":14,"column":31},"end":{"line":16,"column":1}}},"fnMap":{},"branchMap":{"0":{"loc":{"start":{"line":3,"column":31},"end":{"line":3,"column":114}},"type":"cond-expr","locations":[{"start":{"line":3,"column":62},"end":{"line":3,"column":98}},{"start":{"line":3,"column":101},"end":{"line":3,"column":114}}],"line":3}},"s":{"0":1,"1":1,"2":1,"3":1},"f":{},"b":{"0":[1,0]},"_coverageSchema":"1a1c01bbd47fc00a2c39e90264f33305004495a9","hash":"cc1f94c94b2ad46fd94e79b7b44afb7f0ab96a6e"}
,"C:\\projects\\rn-files-creator-remake\\src\\manager\\logger\\error-file-created.logger.ts": {"path":"C:\\projects\\rn-files-creator-remake\\src\\manager\\logger\\error-file-created.logger.ts","statementMap":{"0":{"start":{"line":6,"column":49},"end":{"line":10,"column":5}},"1":{"start":{"line":12,"column":4},"end":{"line":12,"column":40}}},"fnMap":{"0":{"name":"(anonymous_0)","decl":{"start":{"line":5,"column":2},"end":{"line":5,"column":3}},"loc":{"start":{"line":5,"column":30},"end":{"line":13,"column":3}},"line":5}},"branchMap":{},"s":{"0":0,"1":0},"f":{"0":0},"b":{},"_coverageSchema":"1a1c01bbd47fc00a2c39e90264f33305004495a9","hash":"e694ec238abde102234319c3d34e295fe3a6e794"}
,"C:\\projects\\rn-files-creator-remake\\src\\manager\\logger\\file-not-found.logger.ts": {"path":"C:\\projects\\rn-files-creator-remake\\src\\manager\\logger\\file-not-found.logger.ts","statementMap":{"0":{"start":{"line":6,"column":49},"end":{"line":10,"column":5}},"1":{"start":{"line":12,"column":4},"end":{"line":12,"column":40}}},"fnMap":{"0":{"name":"(anonymous_0)","decl":{"start":{"line":5,"column":2},"end":{"line":5,"column":3}},"loc":{"start":{"line":5,"column":30},"end":{"line":13,"column":3}},"line":5}},"branchMap":{},"s":{"0":0,"1":0},"f":{"0":0},"b":{},"_coverageSchema":"1a1c01bbd47fc00a2c39e90264f33305004495a9","hash":"930def7bbeddf5bc68eeff1a8803936df98d33b8"}
,"C:\\projects\\rn-files-creator-remake\\src\\manager\\logger\\file-not-written.logger.ts": {"path":"C:\\projects\\rn-files-creator-remake\\src\\manager\\logger\\file-not-written.logger.ts","statementMap":{"0":{"start":{"line":6,"column":49},"end":{"line":10,"column":5}},"1":{"start":{"line":12,"column":4},"end":{"line":12,"column":40}}},"fnMap":{"0":{"name":"(anonymous_0)","decl":{"start":{"line":5,"column":2},"end":{"line":5,"column":3}},"loc":{"start":{"line":5,"column":30},"end":{"line":13,"column":3}},"line":5}},"branchMap":{},"s":{"0":0,"1":0},"f":{"0":0},"b":{},"_coverageSchema":"1a1c01bbd47fc00a2c39e90264f33305004495a9","hash":"532af4a290c7d46f56b0161d13b752c690dbd6a0"}
,"C:\\projects\\rn-files-creator-remake\\src\\manager\\logger\\success-file-created.logger.ts": {"path":"C:\\projects\\rn-files-creator-remake\\src\\manager\\logger\\success-file-created.logger.ts","statementMap":{"0":{"start":{"line":6,"column":49},"end":{"line":10,"column":5}},"1":{"start":{"line":12,"column":4},"end":{"line":12,"column":40}}},"fnMap":{"0":{"name":"(anonymous_0)","decl":{"start":{"line":5,"column":2},"end":{"line":5,"column":3}},"loc":{"start":{"line":5,"column":30},"end":{"line":13,"column":3}},"line":5}},"branchMap":{},"s":{"0":10,"1":10},"f":{"0":10},"b":{},"_coverageSchema":"1a1c01bbd47fc00a2c39e90264f33305004495a9","hash":"197098cb3cc828711b14f950ce5c4c8f7a7ad472"}
,"C:\\projects\\rn-files-creator-remake\\src\\manager\\service\\files-manager.service.ts": {"path":"C:\\projects\\rn-files-creator-remake\\src\\manager\\service\\files-manager.service.ts","statementMap":{"0":{"start":{"line":6,"column":62},"end":{"line":6,"column":64}},"1":{"start":{"line":10,"column":4},"end":{"line":15,"column":5}},"2":{"start":{"line":11,"column":6},"end":{"line":11,"column":26}},"3":{"start":{"line":12,"column":6},"end":{"line":12,"column":17}},"4":{"start":{"line":14,"column":6},"end":{"line":14,"column":18}},"5":{"start":{"line":19,"column":4},"end":{"line":26,"column":5}},"6":{"start":{"line":20,"column":31},"end":{"line":20,"column":80}},"7":{"start":{"line":21,"column":6},"end":{"line":21,"column":80}},"8":{"start":{"line":21,"column":40},"end":{"line":21,"column":80}},"9":{"start":{"line":22,"column":6},"end":{"line":22,"column":17}},"10":{"start":{"line":24,"column":6},"end":{"line":24,"column":26}},"11":{"start":{"line":25,"column":6},"end":{"line":25,"column":18}},"12":{"start":{"line":30,"column":4},"end":{"line":38,"column":5}},"13":{"start":{"line":31,"column":6},"end":{"line":31,"column":68}},"14":{"start":{"line":32,"column":6},"end":{"line":32,"column":44}},"15":{"start":{"line":33,"column":6},"end":{"line":33,"column":17}},"16":{"start":{"line":35,"column":6},"end":{"line":35,"column":42}},"17":{"start":{"line":37,"column":6},"end":{"line":37,"column":18}},"18":{"start":{"line":42,"column":4},"end":{"line":47,"column":5}},"19":{"start":{"line":43,"column":6},"end":{"line":43,"column":58}},"20":{"start":{"line":45,"column":6},"end":{"line":45,"column":41}},"21":{"start":{"line":46,"column":6},"end":{"line":46,"column":17}},"22":{"start":{"line":51,"column":4},"end":{"line":58,"column":5}},"23":{"start":{"line":52,"column":19},"end":{"line":52,"column":72}},"24":{"start":{"line":53,"column":6},"end":{"line":53,"column":38}},"25":{"start":{"line":54,"column":6},"end":{"line":54,"column":17}},"26":{"start":{"line":56,"column":6},"end":{"line":56,"column":43}},"27":{"start":{"line":57,"column":6},"end":{"line":57,"column":17}},"28":{"start":{"line":62,"column":4},"end":{"line":66,"column":5}},"29":{"start":{"line":63,"column":6},"end":{"line":63,"column":60}},"30":{"start":{"line":65,"column":6},"end":{"line":65,"column":18}}},"fnMap":{"0":{"name":"(anonymous_0)","decl":{"start":{"line":9,"column":2},"end":{"line":9,"column":3}},"loc":{"start":{"line":9,"column":62},"end":{"line":16,"column":3}},"line":9},"1":{"name":"(anonymous_1)","decl":{"start":{"line":18,"column":2},"end":{"line":18,"column":3}},"loc":{"start":{"line":18,"column":67},"end":{"line":27,"column":3}},"line":18},"2":{"name":"(anonymous_2)","decl":{"start":{"line":29,"column":2},"end":{"line":29,"column":3}},"loc":{"start":{"line":29,"column":103},"end":{"line":39,"column":3}},"line":29},"3":{"name":"(anonymous_3)","decl":{"start":{"line":41,"column":2},"end":{"line":41,"column":3}},"loc":{"start":{"line":41,"column":34},"end":{"line":48,"column":3}},"line":41},"4":{"name":"(anonymous_4)","decl":{"start":{"line":50,"column":2},"end":{"line":50,"column":3}},"loc":{"start":{"line":50,"column":77},"end":{"line":59,"column":3}},"line":50},"5":{"name":"(anonymous_5)","decl":{"start":{"line":61,"column":2},"end":{"line":61,"column":3}},"loc":{"start":{"line":61,"column":48},"end":{"line":67,"column":3}},"line":61}},"branchMap":{"0":{"loc":{"start":{"line":21,"column":6},"end":{"line":21,"column":80}},"type":"if","locations":[{"start":{"line":21,"column":6},"end":{"line":21,"column":80}},{"start":{},"end":{}}],"line":21}},"s":{"0":1,"1":7,"2":7,"3":2,"4":5,"5":5,"6":5,"7":5,"8":0,"9":5,"10":0,"11":0,"12":10,"13":10,"14":10,"15":10,"16":0,"17":0,"18":0,"19":0,"20":0,"21":0,"22":0,"23":0,"24":0,"25":0,"26":0,"27":0,"28":1,"29":1,"30":0},"f":{"0":7,"1":5,"2":10,"3":0,"4":0,"5":1},"b":{"0":[0,5]},"_coverageSchema":"1a1c01bbd47fc00a2c39e90264f33305004495a9","hash":"4d543826856b064ebf0b7eb7910ff330d8bda122"}
,"C:\\projects\\rn-files-creator-remake\\test\\util\\create-commands-args.ts": {"path":"C:\\projects\\rn-files-creator-remake\\test\\util\\create-commands-args.ts","statementMap":{"0":{"start":{"line":2,"column":28},"end":{"line":5,"column":3}},"1":{"start":{"line":6,"column":21},"end":{"line":6,"column":43}},"2":{"start":{"line":7,"column":2},"end":{"line":7,"column":21}},"3":{"start":{"line":8,"column":2},"end":{"line":8,"column":46}}},"fnMap":{"0":{"name":"createCommandsArgs","decl":{"start":{"line":1,"column":16},"end":{"line":1,"column":34}},"loc":{"start":{"line":1,"column":56},"end":{"line":9,"column":1}},"line":1}},"branchMap":{},"s":{"0":5,"1":5,"2":5,"3":5},"f":{"0":5},"b":{},"_coverageSchema":"1a1c01bbd47fc00a2c39e90264f33305004495a9","hash":"6751d5800f54ecc1dcd17eac0d021b6ebbc10ebd"}
}
