TN:
SF:src\main.ts
FN:3,cli
FNF:1
FNH:1
FNDA:5,cli
DA:6,5
DA:7,5
DA:9,5
DA:11,5
DA:12,5
DA:18,5
LF:6
LH:6
BRDA:9,0,0,0
BRDA:9,0,1,5
BRDA:11,1,0,5
BRDA:11,1,1,0
BRF:4
BRH:2
end_of_record
TN:
SF:src\builder\builder.module.ts
FNF:0
FNH:0
DA:4,1
LF:1
LH:1
BRF:0
BRH:0
end_of_record
TN:
SF:src\builder\logger\component-already-exists.logger.ts
FN:5,(anonymous_0)
FNF:1
FNH:1
FNDA:1,(anonymous_0)
DA:6,1
DA:12,1
LF:2
LH:2
BRF:0
BRH:0
end_of_record
TN:
SF:src\builder\service\component-builder.service.ts
FN:9,(anonymous_0)
FN:11,(anonymous_1)
FN:19,(anonymous_2)
FN:25,(anonymous_3)
FN:32,(anonymous_4)
FN:38,(anonymous_5)
FNF:6
FNH:6
FNDA:1,(anonymous_0)
FNDA:5,(anonymous_1)
FNDA:6,(anonymous_2)
FNDA:6,(anonymous_3)
FNDA:5,(anonymous_4)
FNDA:10,(anonymous_5)
DA:7,1
DA:12,5
DA:14,5
DA:15,6
DA:20,6
DA:21,5
DA:22,5
DA:26,6
DA:27,6
DA:28,5
DA:29,6
DA:33,5
DA:34,5
DA:35,5
DA:39,10
LF:15
LH:15
BRDA:20,0,0,1
BRDA:20,0,1,5
BRDA:27,1,0,1
BRDA:27,1,1,5
BRDA:35,2,0,5
BRDA:35,2,1,5
BRF:6
BRH:6
end_of_record
TN:
SF:src\cli\cli.module.ts
FNF:0
FNH:0
DA:9,1
DA:10,1
DA:11,1
DA:12,1
DA:13,1
LF:5
LH:5
BRF:0
BRH:0
end_of_record
TN:
SF:src\cli\data\creator-list.ts
FNF:0
FNH:0
DA:1,1
LF:1
LH:1
BRF:0
BRH:0
end_of_record
TN:
SF:src\cli\logger\invalid-argument.logger.ts
FN:5,(anonymous_0)
FNF:1
FNH:0
FNDA:0,(anonymous_0)
DA:6,0
DA:12,0
LF:2
LH:0
BRF:0
BRH:0
end_of_record
TN:
SF:src\cli\logger\invalid-component-name.logger.ts
FN:5,(anonymous_0)
FNF:1
FNH:1
FNDA:2,(anonymous_0)
DA:6,2
DA:12,2
LF:2
LH:2
BRF:0
BRH:0
end_of_record
TN:
SF:src\cli\service\component-cli.service.ts
FN:9,(anonymous_0)
FN:14,(anonymous_1)
FN:22,(anonymous_2)
FN:23,(anonymous_3)
FN:27,(anonymous_4)
FN:29,(anonymous_5)
FN:31,(anonymous_6)
FNF:7
FNH:7
FNDA:1,(anonymous_0)
FNDA:5,(anonymous_1)
FNDA:5,(anonymous_2)
FNDA:6,(anonymous_3)
FNDA:5,(anonymous_4)
FNDA:6,(anonymous_5)
FNDA:6,(anonymous_6)
DA:15,5
DA:16,5
DA:17,5
DA:18,5
DA:19,5
DA:23,6
DA:24,5
DA:28,5
DA:30,6
DA:31,6
DA:32,6
LF:11
LH:11
BRDA:24,0,0,2
BRDA:24,0,1,3
BRF:2
BRH:2
end_of_record
TN:
SF:src\cli\service\rn-files-creator-config-file-cli.service.ts
FN:7,(anonymous_0)
FN:12,(anonymous_1)
FN:20,(anonymous_2)
FN:26,(anonymous_3)
FNF:4
FNH:1
FNDA:1,(anonymous_0)
FNDA:0,(anonymous_1)
FNDA:0,(anonymous_2)
FNDA:0,(anonymous_3)
DA:13,0
DA:14,0
DA:15,0
DA:16,0
DA:17,0
DA:21,0
DA:22,0
DA:23,0
DA:27,0
LF:9
LH:0
BRDA:16,0,0,0
BRDA:16,0,1,0
BRDA:22,1,0,0
BRDA:22,1,1,0
BRF:4
BRH:0
end_of_record
TN:
SF:src\cli\service\user-prompted-args-cli.service.ts
FN:14,(anonymous_0)
FN:29,(anonymous_1)
FN:38,(anonymous_2)
FN:53,(anonymous_3)
FN:55,(anonymous_4)
FN:68,(anonymous_5)
FNF:6
FNH:5
FNDA:5,(anonymous_0)
FNDA:5,(anonymous_1)
FNDA:5,(anonymous_2)
FNDA:5,(anonymous_3)
FNDA:5,(anonymous_4)
FNDA:0,(anonymous_5)
DA:15,5
DA:16,5
DA:17,5
DA:18,5
DA:20,0
DA:30,5
DA:39,5
DA:54,5
DA:55,5
DA:56,5
DA:57,0
DA:58,0
DA:59,0
DA:60,0
DA:61,0
DA:69,0
DA:70,0
LF:17
LH:9
BRDA:40,0,0,5
BRDA:40,0,1,5
BRDA:41,1,0,5
BRDA:41,1,1,0
BRDA:42,2,0,5
BRDA:42,2,1,5
BRDA:43,3,0,5
BRDA:43,3,1,5
BRDA:44,4,0,5
BRDA:44,4,1,5
BRDA:45,5,0,5
BRDA:45,5,1,5
BRDA:56,6,0,5
BRDA:56,6,1,0
BRDA:57,7,0,0
BRDA:57,7,1,0
BRF:16
BRH:12
end_of_record
TN:
SF:src\cli\view\component-cli.view.ts
FN:6,(anonymous_0)
FN:16,(anonymous_1)
FNF:2
FNH:1
FNDA:5,(anonymous_0)
FNDA:0,(anonymous_1)
DA:7,5
DA:8,5
DA:9,5
DA:10,0
DA:11,0
DA:17,0
LF:6
LH:3
BRDA:8,0,0,5
BRDA:8,0,1,0
BRDA:9,1,0,5
BRDA:9,1,1,0
BRF:4
BRH:2
end_of_record
TN:
SF:src\cli\view\rn-files-creator-config-file-cli.view.ts
FN:5,(anonymous_0)
FN:13,(anonymous_1)
FN:23,(anonymous_2)
FNF:3
FNH:0
FNDA:0,(anonymous_0)
FNDA:0,(anonymous_1)
FNDA:0,(anonymous_2)
DA:6,0
DA:7,0
DA:8,0
DA:9,0
DA:10,0
DA:14,0
DA:24,0
LF:7
LH:0
BRDA:7,0,0,0
BRDA:7,0,1,0
BRDA:8,1,0,0
BRDA:8,1,1,0
BRDA:9,2,0,0
BRDA:9,2,1,0
BRF:6
BRH:0
end_of_record
TN:
SF:src\cli\view\user-prompted-args-cli.view.ts
FN:5,(anonymous_0)
FNF:1
FNH:0
FNDA:0,(anonymous_0)
DA:6,0
DA:13,0
LF:2
LH:0
BRF:0
BRH:0
end_of_record
TN:
SF:src\common\data\prompt-logger-props.ts
FNF:0
FNH:0
DA:18,2
DA:19,2
DA:20,2
DA:21,2
DA:22,2
LF:5
LH:5
BRF:0
BRH:0
end_of_record
TN:
SF:src\common\functions\validation.ts
FN:1,(anonymous_0)
FNF:1
FNH:1
FNDA:9,(anonymous_0)
DA:1,2
DA:2,9
DA:3,8
DA:5,8
DA:6,8
DA:8,4
LF:6
LH:6
BRDA:2,0,0,1
BRDA:2,0,1,8
BRDA:3,1,0,0
BRDA:3,1,1,8
BRDA:6,2,0,4
BRDA:6,2,1,4
BRF:6
BRH:5
end_of_record
TN:
SF:src\common\logger\prompt-logger.ts
FN:8,(anonymous_0)
FN:15,(anonymous_1)
FNF:2
FNH:0
FNDA:0,(anonymous_0)
FNDA:0,(anonymous_1)
DA:9,0
DA:10,0
DA:11,0
DA:12,0
DA:16,0
DA:17,0
LF:6
LH:0
BRDA:17,0,0,0
BRDA:17,0,1,0
BRF:2
BRH:0
end_of_record
TN:
SF:src\config\argOptions.ts
FNF:0
FNH:0
DA:6,1
LF:1
LH:1
BRF:0
BRH:0
end_of_record
TN:
SF:src\manager\manager.module.ts
FNF:0
FNH:0
DA:3,1
LF:1
LH:1
BRF:0
BRH:0
end_of_record
TN:
SF:src\manager\constants\paths.ts
FNF:0
FNH:0
DA:3,1
DA:5,1
DA:10,1
DA:14,1
LF:4
LH:4
BRDA:3,0,0,1
BRDA:3,0,1,0
BRF:2
BRH:1
end_of_record
TN:
SF:src\manager\logger\error-file-created.logger.ts
FN:5,(anonymous_0)
FNF:1
FNH:0
FNDA:0,(anonymous_0)
DA:6,0
DA:12,0
LF:2
LH:0
BRF:0
BRH:0
end_of_record
TN:
SF:src\manager\logger\file-not-found.logger.ts
FN:5,(anonymous_0)
FNF:1
FNH:0
FNDA:0,(anonymous_0)
DA:6,0
DA:12,0
LF:2
LH:0
BRF:0
BRH:0
end_of_record
TN:
SF:src\manager\logger\file-not-written.logger.ts
FN:5,(anonymous_0)
FNF:1
FNH:0
FNDA:0,(anonymous_0)
DA:6,0
DA:12,0
LF:2
LH:0
BRF:0
BRH:0
end_of_record
TN:
SF:src\manager\logger\success-file-created.logger.ts
FN:5,(anonymous_0)
FNF:1
FNH:1
FNDA:10,(anonymous_0)
DA:6,10
DA:12,10
LF:2
LH:2
BRF:0
BRH:0
end_of_record
TN:
SF:src\manager\service\files-manager.service.ts
FN:9,(anonymous_0)
FN:18,(anonymous_1)
FN:29,(anonymous_2)
FN:41,(anonymous_3)
FN:50,(anonymous_4)
FN:61,(anonymous_5)
FNF:6
FNH:4
FNDA:7,(anonymous_0)
FNDA:5,(anonymous_1)
FNDA:10,(anonymous_2)
FNDA:0,(anonymous_3)
FNDA:0,(anonymous_4)
FNDA:1,(anonymous_5)
DA:6,1
DA:10,7
DA:11,7
DA:12,2
DA:14,5
DA:19,5
DA:20,5
DA:21,5
DA:22,5
DA:24,0
DA:25,0
DA:30,10
DA:31,10
DA:32,10
DA:33,10
DA:35,0
DA:37,0
DA:42,0
DA:43,0
DA:45,0
DA:46,0
DA:51,0
DA:52,0
DA:53,0
DA:54,0
DA:56,0
DA:57,0
DA:62,1
DA:63,1
DA:65,0
LF:30
LH:15
BRDA:21,0,0,0
BRDA:21,0,1,5
BRF:2
BRH:1
end_of_record
TN:
SF:test\util\create-commands-args.ts
FN:1,createCommandsArgs
FNF:1
FNH:1
FNDA:5,createCommandsArgs
DA:2,5
DA:6,5
DA:7,5
DA:8,5
LF:4
LH:4
BRF:0
BRH:0
end_of_record
